Loading db file '/afs/eos.ncsu.edu/lockers/research/ece/wdavis/tech/nangate/NangateOpenCellLibrary_PDKv1_2_v2008_10/liberty/520/NangateOpenCellLibrary_PDKv1_2_v2008_10_slow_nldm.db'
Loading db file '/afs/eos.ncsu.edu/software/synopsys2015/syn/libraries/syn/dw_foundation.sldb'
Loading db file '/afs/eos.ncsu.edu/software/synopsys2015/syn/libraries/syn/gtech.db'
Loading db file '/afs/eos.ncsu.edu/software/synopsys2015/syn/libraries/syn/standard.sldb'
  Loading link library 'NangateOpenCellLibrary_PDKv1_2_v2008_10_slow_nldm'
  Loading link library 'gtech'
Loading sverilog file '/afs/unity.ncsu.edu/users/j/jnhant/synth_564/MyDesign.v'
Detecting input file type automatically (-rtl or -netlist).
Reading with Presto HDL Compiler (equivalent to -rtl option).
Running PRESTO HDLC
Compiling source file /afs/unity.ncsu.edu/users/j/jnhant/synth_564/MyDesign.v
Warning:  /afs/unity.ncsu.edu/users/j/jnhant/synth_564/MyDesign.v:315: signed to unsigned conversion occurs. (VER-318)
Warning:  /afs/unity.ncsu.edu/users/j/jnhant/synth_564/MyDesign.v:304: DEFAULT branch of CASE statement cannot be reached. (ELAB-311)
Warning:  /afs/unity.ncsu.edu/users/j/jnhant/synth_564/MyDesign.v:340: DEFAULT branch of CASE statement cannot be reached. (ELAB-311)

Statistics for case statements in always block at line 266 in file
	'/afs/unity.ncsu.edu/users/j/jnhant/synth_564/MyDesign.v'
===============================================
|           Line           |  full/ parallel  |
===============================================
|           278            |    auto/auto     |
===============================================

Statistics for case statements in always block at line 303 in file
	'/afs/unity.ncsu.edu/users/j/jnhant/synth_564/MyDesign.v'
===============================================
|           Line           |  full/ parallel  |
===============================================
|           304            |    auto/auto     |
===============================================

Statistics for case statements in always block at line 338 in file
	'/afs/unity.ncsu.edu/users/j/jnhant/synth_564/MyDesign.v'
===============================================
|           Line           |  full/ parallel  |
===============================================
|           340            |    auto/auto     |
===============================================

Inferred memory devices in process
	in routine sram_push line 248 in file
		'/afs/unity.ncsu.edu/users/j/jnhant/synth_564/MyDesign.v'.
===============================================================================
|    Register Name    |   Type    | Width | Bus | MB | AR | AS | SR | SS | ST |
===============================================================================
|  dut_dom_data_reg   | Flip-flop |  32   |  Y  | N  | N  | N  | N  | N  | N  |
===============================================================================

Inferred memory devices in process
	in routine sram_push line 258 in file
		'/afs/unity.ncsu.edu/users/j/jnhant/synth_564/MyDesign.v'.
===============================================================================
|    Register Name    |   Type    | Width | Bus | MB | AR | AS | SR | SS | ST |
===============================================================================
| address_output_reg  | Flip-flop |   3   |  Y  | N  | N  | N  | N  | N  | N  |
===============================================================================

Inferred memory devices in process
	in routine sram_push line 266 in file
		'/afs/unity.ncsu.edu/users/j/jnhant/synth_564/MyDesign.v'.
===============================================================================
|    Register Name    |   Type    | Width | Bus | MB | AR | AS | SR | SS | ST |
===============================================================================
|    H_capture_reg    | Flip-flop |  256  |  Y  | N  | N  | N  | N  | N  | N  |
===============================================================================

Inferred memory devices in process
	in routine sram_push line 327 in file
		'/afs/unity.ncsu.edu/users/j/jnhant/synth_564/MyDesign.v'.
===============================================================================
|    Register Name    |   Type    | Width | Bus | MB | AR | AS | SR | SS | ST |
===============================================================================
|     enable_reg      | Flip-flop |   1   |  N  | N  | N  | N  | N  | N  | N  |
| sram_fsm_state_reg  | Flip-flop |   2   |  Y  | N  | N  | N  | N  | N  | N  |
===============================================================================

Inferred memory devices in process
	in routine sram_push line 338 in file
		'/afs/unity.ncsu.edu/users/j/jnhant/synth_564/MyDesign.v'.
===============================================================================
|    Register Name    |   Type    | Width | Bus | MB | AR | AS | SR | SS | ST |
===============================================================================
|     finish_reg      | Flip-flop |   1   |  N  | N  | N  | N  | N  | N  | N  |
|     address_reg     | Flip-flop |   3   |  Y  | N  | N  | N  | N  | N  | N  |
|      write_reg      | Flip-flop |   1   |  N  | N  | N  | N  | N  | N  | N  |
| internal_enable_reg | Flip-flop |   1   |  N  | N  | N  | N  | N  | N  | N  |
===============================================================================
Statistics for MUX_OPs
===========================================================
| block name/line  | Inputs | Outputs | # sel inputs | MB |
===========================================================
|  sram_push/256   |   8    |   32    |      3       | N  |
===========================================================
Warning:  /afs/unity.ncsu.edu/users/j/jnhant/synth_564/MyDesign.v:431: signed to unsigned conversion occurs. (VER-318)

Statistics for case statements in always block at line 419 in file
	'/afs/unity.ncsu.edu/users/j/jnhant/synth_564/MyDesign.v'
===============================================
|           Line           |  full/ parallel  |
===============================================
|           420            |    auto/auto     |
===============================================

Statistics for case statements in always block at line 456 in file
	'/afs/unity.ncsu.edu/users/j/jnhant/synth_564/MyDesign.v'
===============================================
|           Line           |  full/ parallel  |
===============================================
|           466            |    auto/auto     |
===============================================

Inferred memory devices in process
	in routine sram_pull line 405 in file
		'/afs/unity.ncsu.edu/users/j/jnhant/synth_564/MyDesign.v'.
===============================================================================
|    Register Name    |   Type    | Width | Bus | MB | AR | AS | SR | SS | ST |
===============================================================================
|   sram_saved_reg    | Flip-flop | 2048  |  Y  | N  | N  | N  | N  | N  | N  |
===============================================================================

Inferred memory devices in process
	in routine sram_pull line 446 in file
		'/afs/unity.ncsu.edu/users/j/jnhant/synth_564/MyDesign.v'.
===============================================================================
|    Register Name    |   Type    | Width | Bus | MB | AR | AS | SR | SS | ST |
===============================================================================
| address_output_reg  | Flip-flop |   6   |  Y  | N  | N  | N  | N  | N  | N  |
| sram_fsm_state_reg  | Flip-flop |   3   |  Y  | N  | N  | N  | N  | N  | N  |
===============================================================================

Inferred memory devices in process
	in routine sram_pull line 456 in file
		'/afs/unity.ncsu.edu/users/j/jnhant/synth_564/MyDesign.v'.
===============================================================================
|    Register Name    |   Type    | Width | Bus | MB | AR | AS | SR | SS | ST |
===============================================================================
|      write_reg      | Flip-flop |   1   |  N  | N  | N  | N  | N  | N  | N  |
|     enable_reg      | Flip-flop |   1   |  N  | N  | N  | N  | N  | N  | N  |
|     finish_reg      | Flip-flop |   1   |  N  | N  | N  | N  | N  | N  | N  |
| internal_enable_reg | Flip-flop |   1   |  N  | N  | N  | N  | N  | N  | N  |
| address_request_reg | Flip-flop |   8   |  Y  | N  | N  | N  | N  | N  | N  |
|  data_counter_reg   | Flip-flop |   8   |  Y  | N  | N  | N  | N  | N  | N  |
===============================================================================
Warning:  /afs/unity.ncsu.edu/users/j/jnhant/synth_564/MyDesign.v:558: signed to unsigned conversion occurs. (VER-318)

Statistics for case statements in always block at line 546 in file
	'/afs/unity.ncsu.edu/users/j/jnhant/synth_564/MyDesign.v'
===============================================
|           Line           |  full/ parallel  |
===============================================
|           547            |    auto/auto     |
===============================================

Statistics for case statements in always block at line 583 in file
	'/afs/unity.ncsu.edu/users/j/jnhant/synth_564/MyDesign.v'
===============================================
|           Line           |  full/ parallel  |
===============================================
|           593            |    auto/auto     |
===============================================

Inferred memory devices in process
	in routine sram_pull2 line 532 in file
		'/afs/unity.ncsu.edu/users/j/jnhant/synth_564/MyDesign.v'.
===============================================================================
|    Register Name    |   Type    | Width | Bus | MB | AR | AS | SR | SS | ST |
===============================================================================
|   sram_saved_reg    | Flip-flop |  256  |  Y  | N  | N  | N  | N  | N  | N  |
===============================================================================

Inferred memory devices in process
	in routine sram_pull2 line 573 in file
		'/afs/unity.ncsu.edu/users/j/jnhant/synth_564/MyDesign.v'.
===============================================================================
|    Register Name    |   Type    | Width | Bus | MB | AR | AS | SR | SS | ST |
===============================================================================
| address_output_reg  | Flip-flop |   3   |  Y  | N  | N  | N  | N  | N  | N  |
| sram_fsm_state_reg  | Flip-flop |   3   |  Y  | N  | N  | N  | N  | N  | N  |
===============================================================================

Inferred memory devices in process
	in routine sram_pull2 line 583 in file
		'/afs/unity.ncsu.edu/users/j/jnhant/synth_564/MyDesign.v'.
===============================================================================
|    Register Name    |   Type    | Width | Bus | MB | AR | AS | SR | SS | ST |
===============================================================================
|      write_reg      | Flip-flop |   1   |  N  | N  | N  | N  | N  | N  | N  |
|     enable_reg      | Flip-flop |   1   |  N  | N  | N  | N  | N  | N  | N  |
|     finish_reg      | Flip-flop |   1   |  N  | N  | N  | N  | N  | N  | N  |
| internal_enable_reg | Flip-flop |   1   |  N  | N  | N  | N  | N  | N  | N  |
| address_request_reg | Flip-flop |   8   |  Y  | N  | N  | N  | N  | N  | N  |
|  data_counter_reg   | Flip-flop |   8   |  Y  | N  | N  | N  | N  | N  | N  |
===============================================================================

Statistics for case statements in always block at line 679 in file
	'/afs/unity.ncsu.edu/users/j/jnhant/synth_564/MyDesign.v'
===============================================
|           Line           |  full/ parallel  |
===============================================
|           680            |    auto/auto     |
===============================================

Statistics for case statements in always block at line 706 in file
	'/afs/unity.ncsu.edu/users/j/jnhant/synth_564/MyDesign.v'
===============================================
|           Line           |  full/ parallel  |
===============================================
|           719            |    auto/auto     |
===============================================

Inferred memory devices in process
	in routine M_build_control line 658 in file
		'/afs/unity.ncsu.edu/users/j/jnhant/synth_564/MyDesign.v'.
===============================================================================
|    Register Name    |   Type    | Width | Bus | MB | AR | AS | SR | SS | ST |
===============================================================================
|   go_capture_reg    | Flip-flop |   1   |  N  | N  | N  | N  | N  | N  | N  |
===============================================================================

Inferred memory devices in process
	in routine M_build_control line 665 in file
		'/afs/unity.ncsu.edu/users/j/jnhant/synth_564/MyDesign.v'.
===============================================================================
|    Register Name    |   Type    | Width | Bus | MB | AR | AS | SR | SS | ST |
===============================================================================
|     control_reg     | Flip-flop |   3   |  Y  | N  | N  | N  | N  | N  | N  |
|   M_fsm_state_reg   | Flip-flop |   3   |  Y  | N  | N  | N  | N  | N  | N  |
===============================================================================

Inferred memory devices in process
	in routine M_build_control line 706 in file
		'/afs/unity.ncsu.edu/users/j/jnhant/synth_564/MyDesign.v'.
===============================================================================
|    Register Name    |   Type    | Width | Bus | MB | AR | AS | SR | SS | ST |
===============================================================================
|     finish_reg      | Flip-flop |   1   |  N  | N  | N  | N  | N  | N  | N  |
|      write_reg      | Flip-flop |   1   |  N  | N  | N  | N  | N  | N  | N  |
|     enable_reg      | Flip-flop |   1   |  N  | N  | N  | N  | N  | N  | N  |
|     address_reg     | Flip-flop |   6   |  Y  | N  | N  | N  | N  | N  | N  |
|   msg_length_reg    | Flip-flop |   7   |  Y  | N  | N  | N  | N  | N  | N  |
|  state_counter_reg  | Flip-flop |   7   |  Y  | N  | N  | N  | N  | N  | N  |
===============================================================================

Statistics for case statements in always block at line 797 in file
	'/afs/unity.ncsu.edu/users/j/jnhant/synth_564/MyDesign.v'
===============================================
|           Line           |  full/ parallel  |
===============================================
|           804            |    auto/auto     |
===============================================

Inferred memory devices in process
	in routine M_build_datapath line 771 in file
		'/afs/unity.ncsu.edu/users/j/jnhant/synth_564/MyDesign.v'.
===============================================================================
|    Register Name    |   Type    | Width | Bus | MB | AR | AS | SR | SS | ST |
===============================================================================
|       M_1_reg       | Flip-flop |  512  |  Y  | N  | N  | N  | N  | N  | N  |
===============================================================================

Inferred memory devices in process
	in routine M_build_datapath line 797 in file
		'/afs/unity.ncsu.edu/users/j/jnhant/synth_564/MyDesign.v'.
===============================================================================
|    Register Name    |   Type    | Width | Bus | MB | AR | AS | SR | SS | ST |
===============================================================================
|     M_block_reg     | Flip-flop |  512  |  Y  | N  | N  | N  | N  | N  | N  |
===============================================================================

Statistics for case statements in always block at line 869 in file
	'/afs/unity.ncsu.edu/users/j/jnhant/synth_564/MyDesign.v'
===============================================
|           Line           |  full/ parallel  |
===============================================
|           881            |    auto/auto     |
===============================================

Statistics for case statements in always block at line 905 in file
	'/afs/unity.ncsu.edu/users/j/jnhant/synth_564/MyDesign.v'
===============================================
|           Line           |  full/ parallel  |
===============================================
|           917            |    auto/auto     |
===============================================

Statistics for case statements in always block at line 941 in file
	'/afs/unity.ncsu.edu/users/j/jnhant/synth_564/MyDesign.v'
===============================================
|           Line           |  full/ parallel  |
===============================================
|           953            |    auto/auto     |
===============================================

Inferred memory devices in process
	in routine compression_datapath line 869 in file
		'/afs/unity.ncsu.edu/users/j/jnhant/synth_564/MyDesign.v'.
===============================================================================
|    Register Name    |   Type    | Width | Bus | MB | AR | AS | SR | SS | ST |
===============================================================================
|   H_original_reg    | Flip-flop |  256  |  Y  | N  | N  | N  | N  | N  | N  |
===============================================================================

Inferred memory devices in process
	in routine compression_datapath line 905 in file
		'/afs/unity.ncsu.edu/users/j/jnhant/synth_564/MyDesign.v'.
===============================================================================
|    Register Name    |   Type    | Width | Bus | MB | AR | AS | SR | SS | ST |
===============================================================================
|    H_output_reg     | Flip-flop |  256  |  Y  | N  | N  | N  | N  | N  | N  |
===============================================================================

Inferred memory devices in process
	in routine compression_datapath line 941 in file
		'/afs/unity.ncsu.edu/users/j/jnhant/synth_564/MyDesign.v'.
===============================================================================
|    Register Name    |   Type    | Width | Bus | MB | AR | AS | SR | SS | ST |
===============================================================================
|        h_reg        | Flip-flop |  32   |  Y  | N  | N  | N  | N  | N  | N  |
|        a_reg        | Flip-flop |  32   |  Y  | N  | N  | N  | N  | N  | N  |
|        b_reg        | Flip-flop |  32   |  Y  | N  | N  | N  | N  | N  | N  |
|        c_reg        | Flip-flop |  32   |  Y  | N  | N  | N  | N  | N  | N  |
|        d_reg        | Flip-flop |  32   |  Y  | N  | N  | N  | N  | N  | N  |
|        e_reg        | Flip-flop |  32   |  Y  | N  | N  | N  | N  | N  | N  |
|        f_reg        | Flip-flop |  32   |  Y  | N  | N  | N  | N  | N  | N  |
|        g_reg        | Flip-flop |  32   |  Y  | N  | N  | N  | N  | N  | N  |
===============================================================================
Statistics for MUX_OPs
====================================================================
|     block name/line       | Inputs | Outputs | # sel inputs | MB |
====================================================================
| compression_datapath/1028 |   64   |   64    |      6       | N  |
====================================================================

Statistics for case statements in always block at line 1076 in file
	'/afs/unity.ncsu.edu/users/j/jnhant/synth_564/MyDesign.v'
===============================================
|           Line           |  full/ parallel  |
===============================================
|           1078           |    auto/auto     |
===============================================

Statistics for case statements in always block at line 1106 in file
	'/afs/unity.ncsu.edu/users/j/jnhant/synth_564/MyDesign.v'
===============================================
|           Line           |  full/ parallel  |
===============================================
|           1110           |    auto/auto     |
===============================================

Inferred memory devices in process
	in routine compression_control line 1065 in file
		'/afs/unity.ncsu.edu/users/j/jnhant/synth_564/MyDesign.v'.
===============================================================================
|    Register Name    |   Type    | Width | Bus | MB | AR | AS | SR | SS | ST |
===============================================================================
|     c_state_reg     | Flip-flop |   3   |  Y  | N  | N  | N  | N  | N  | N  |
|     control_reg     | Flip-flop |   3   |  Y  | N  | N  | N  | N  | N  | N  |
===============================================================================

Inferred memory devices in process
	in routine compression_control line 1106 in file
		'/afs/unity.ncsu.edu/users/j/jnhant/synth_564/MyDesign.v'.
===============================================================================
|    Register Name    |   Type    | Width | Bus | MB | AR | AS | SR | SS | ST |
===============================================================================
|   fsm_counter_reg   | Flip-flop |   6   |  Y  | N  | N  | N  | N  | N  | N  |
===============================================================================

Statistics for case statements in always block at line 1181 in file
	'/afs/unity.ncsu.edu/users/j/jnhant/synth_564/MyDesign.v'
===============================================
|           Line           |  full/ parallel  |
===============================================
|           1182           |    auto/auto     |
===============================================

Statistics for case statements in always block at line 1238 in file
	'/afs/unity.ncsu.edu/users/j/jnhant/synth_564/MyDesign.v'
===============================================
|           Line           |  full/ parallel  |
===============================================
|           1249           |    auto/auto     |
===============================================

Inferred memory devices in process
	in routine big_controller line 1162 in file
		'/afs/unity.ncsu.edu/users/j/jnhant/synth_564/MyDesign.v'.
====================================================================================
|      Register Name       |   Type    | Width | Bus | MB | AR | AS | SR | SS | ST |
====================================================================================
|    push_complete_reg     | Flip-flop |   1   |  N  | N  | N  | N  | N  | N  | N  |
|     B_fsm_state_reg      | Flip-flop |   4   |  Y  | N  | N  | N  | N  | N  | N  |
|      go_capture_reg      | Flip-flop |   1   |  N  | N  | N  | N  | N  | N  | N  |
|      w_complete_reg      | Flip-flop |   1   |  N  | N  | N  | N  | N  | N  | N  |
|     srams_loaded_reg     | Flip-flop |   1   |  N  | N  | N  | N  | N  | N  | N  |
| compression_complete_reg | Flip-flop |   1   |  N  | N  | N  | N  | N  | N  | N  |
====================================================================================

Inferred memory devices in process
	in routine big_controller line 1238 in file
		'/afs/unity.ncsu.edu/users/j/jnhant/synth_564/MyDesign.v'.
===============================================================================
|    Register Name    |   Type    | Width | Bus | MB | AR | AS | SR | SS | ST |
===============================================================================
| dut_xxx_finish_reg  | Flip-flop |   1   |  N  | N  | N  | N  | N  | N  | N  |
| con_msram_start_reg | Flip-flop |   1   |  N  | N  | N  | N  | N  | N  | N  |
| con_hsram_start_reg | Flip-flop |   1   |  N  | N  | N  | N  | N  | N  | N  |
| con_ksram_start_reg | Flip-flop |   1   |  N  | N  | N  | N  | N  | N  | N  |
| con_wcon_start_reg  | Flip-flop |   1   |  N  | N  | N  | N  | N  | N  | N  |
| con_comp_start_reg  | Flip-flop |   1   |  N  | N  | N  | N  | N  | N  | N  |
| con_push_start_reg  | Flip-flop |   1   |  N  | N  | N  | N  | N  | N  | N  |
===============================================================================

Statistics for case statements in always block at line 1396 in file
	'/afs/unity.ncsu.edu/users/j/jnhant/synth_564/MyDesign.v'
===============================================
|           Line           |  full/ parallel  |
===============================================
|           1398           |    auto/auto     |
===============================================

Statistics for case statements in always block at line 1427 in file
	'/afs/unity.ncsu.edu/users/j/jnhant/synth_564/MyDesign.v'
===============================================
|           Line           |  full/ parallel  |
===============================================
|           1441           |    auto/auto     |
===============================================

Inferred memory devices in process
	in routine w_control line 1385 in file
		'/afs/unity.ncsu.edu/users/j/jnhant/synth_564/MyDesign.v'.
===============================================================================
|    Register Name    |   Type    | Width | Bus | MB | AR | AS | SR | SS | ST |
===============================================================================
| output_control_reg  | Flip-flop |   3   |  Y  | N  | N  | N  | N  | N  | N  |
|   W_fsm_state_reg   | Flip-flop |   3   |  Y  | N  | N  | N  | N  | N  | N  |
===============================================================================

Inferred memory devices in process
	in routine w_control line 1427 in file
		'/afs/unity.ncsu.edu/users/j/jnhant/synth_564/MyDesign.v'.
===================================================================================
|      Register Name      |   Type    | Width | Bus | MB | AR | AS | SR | SS | ST |
===================================================================================
|  count_minus7_odds_reg  | Flip-flop |   6   |  Y  | N  | N  | N  | N  | N  | N  |
| count_current_evens_reg | Flip-flop |   6   |  Y  | N  | N  | N  | N  | N  | N  |
| count_minus15_evens_reg | Flip-flop |   6   |  Y  | N  | N  | N  | N  | N  | N  |
| count_minus2_evens_reg  | Flip-flop |   6   |  Y  | N  | N  | N  | N  | N  | N  |
| count_minus16_evens_reg | Flip-flop |   6   |  Y  | N  | N  | N  | N  | N  | N  |
| count_minus7_evens_reg  | Flip-flop |   6   |  Y  | N  | N  | N  | N  | N  | N  |
| count_current_odds_reg  | Flip-flop |   6   |  Y  | N  | N  | N  | N  | N  | N  |
| count_minus15_odds_reg  | Flip-flop |   6   |  Y  | N  | N  | N  | N  | N  | N  |
|  count_minus2_odds_reg  | Flip-flop |   6   |  Y  | N  | N  | N  | N  | N  | N  |
| count_minus16_odds_reg  | Flip-flop |   6   |  Y  | N  | N  | N  | N  | N  | N  |
===================================================================================

Statistics for case statements in always block at line 1575 in file
	'/afs/unity.ncsu.edu/users/j/jnhant/synth_564/MyDesign.v'
===============================================
|           Line           |  full/ parallel  |
===============================================
|           1576           |    auto/auto     |
===============================================

Statistics for case statements in always block at line 1711 in file
	'/afs/unity.ncsu.edu/users/j/jnhant/synth_564/MyDesign.v'
===============================================
|           Line           |  full/ parallel  |
===============================================
|           1715           |    auto/auto     |
===============================================

Statistics for case statements in always block at line 1737 in file
	'/afs/unity.ncsu.edu/users/j/jnhant/synth_564/MyDesign.v'
===============================================
|           Line           |  full/ parallel  |
===============================================
|           1738           |    auto/auto     |
===============================================

Statistics for case statements in always block at line 1873 in file
	'/afs/unity.ncsu.edu/users/j/jnhant/synth_564/MyDesign.v'
===============================================
|           Line           |  full/ parallel  |
===============================================
|           1877           |    auto/auto     |
===============================================

Inferred memory devices in process
	in routine w_datapath line 1548 in file
		'/afs/unity.ncsu.edu/users/j/jnhant/synth_564/MyDesign.v'.
===============================================================================
|    Register Name    |   Type    | Width | Bus | MB | AR | AS | SR | SS | ST |
===============================================================================
|      W_in_reg       | Flip-flop |  512  |  Y  | N  | N  | N  | N  | N  | N  |
===============================================================================

Inferred memory devices in process
	in routine w_datapath line 1563 in file
		'/afs/unity.ncsu.edu/users/j/jnhant/synth_564/MyDesign.v'.
===============================================================================
|    Register Name    |   Type    | Width | Bus | MB | AR | AS | SR | SS | ST |
===============================================================================
|     W_final_reg     | Flip-flop | 2048  |  Y  | N  | N  | N  | N  | N  | N  |
===============================================================================

Inferred memory devices in process
	in routine w_datapath line 1711 in file
		'/afs/unity.ncsu.edu/users/j/jnhant/synth_564/MyDesign.v'.
===============================================================================
|    Register Name    |   Type    | Width | Bus | MB | AR | AS | SR | SS | ST |
===============================================================================
| W_intermediate_reg  | Flip-flop | 1024  |  Y  | N  | N  | N  | N  | N  | N  |
===============================================================================

Inferred memory devices in process
	in routine w_datapath line 1873 in file
		'/afs/unity.ncsu.edu/users/j/jnhant/synth_564/MyDesign.v'.
===============================================================================
|    Register Name    |   Type    | Width | Bus | MB | AR | AS | SR | SS | ST |
===============================================================================
| W_intermediate_reg  | Flip-flop | 1024  |  Y  | N  | N  | N  | N  | N  | N  |
===============================================================================
Statistics for MUX_OPs
===========================================================
| block name/line  | Inputs | Outputs | # sel inputs | MB |
===========================================================
| w_datapath/1933  |   64   |   32    |      6       | N  |
| w_datapath/1934  |   64   |   32    |      6       | N  |
| w_datapath/1935  |   64   |   32    |      6       | N  |
| w_datapath/1936  |   64   |   32    |      6       | N  |
| w_datapath/1937  |   64   |   32    |      6       | N  |
| w_datapath/1938  |   64   |   32    |      6       | N  |
| w_datapath/1939  |   64   |   32    |      6       | N  |
| w_datapath/1940  |   64   |   32    |      6       | N  |
===========================================================
Presto compilation completed successfully.
Current design is now '/afs/unity.ncsu.edu/users/j/jnhant/synth_564/MyDesign.db:MyDesign'
Loaded 11 designs.
Current design is 'MyDesign'.
MyDesign sram_push sram_pull sram_pull2 M_build_control M_build_datapath compression_datapath compression_control big_controller w_control w_datapath
